D:\python\random password.py
D:\python\order.py
D:\python\prac5.py
D:\python\area and perimeter of a circle.py
D:\python\poly complex.py
D:\python\@property.py
D:\python\class property.py
D:\python\class inheritense.py
D:\python\private in class.py
D:\python\class del key word.py
D:\python\practic 2 in class.py
D:\python\practice on class.py
D:\python\methods.py
D:\python\using constructor.py
D:\python\class in py.py
D:\python\call by references.py
D:\python\call by value.py
D:\python\fact recr.py
D:\python\rec.py
D:\python\function using list.py
D:\python\nested fun.py
